Using pre-set license
Built from '2020.2/staging' branch; Version is '2020.2.7f1 (c53830e277f1) revision 12924976'; Using compiler version '192528614'; Build Type 'Release'
OS: 'Windows 10 Home; OS build 19041.867; Version 2004; 64bit' Language: 'en' Physical Memory: 24487 MB
BatchMode: 1, IsHumanControllingUs: 0, StartBugReporterOnCrash: 0, Is64bit: 1, IsPro: 0

 COMMAND LINE ARGUMENTS:
C:\Program Files\Unity\Hub\Editor\2020.2.7f1\Editor\Unity.exe
-adb2
-batchMode
-noUpm
-name
AssetImportWorker0
-projectPath
C:/Users/John/Documents/SceneProject4
-logFile
Logs/AssetImportWorker0.log
-srvPort
51246
Successfully changed project path to: C:/Users/John/Documents/SceneProject4
C:/Users/John/Documents/SceneProject4
Using Asset Import Pipeline V2.
Refreshing native plugins compatible for Editor in 85.02 ms, found 3 plugins.
Preloading 1 native plugins for Editor in 0.92 ms.
Initialize engine version: 2020.2.7f1 (c53830e277f1)
[Subsystems] Discovering subsystems at path C:/Program Files/Unity/Hub/Editor/2020.2.7f1/Editor/Data/Resources/UnitySubsystems
[Subsystems] Discovering subsystems at path C:/Users/John/Documents/SceneProject4/Assets
GfxDevice: creating device client; threaded=0
Direct3D:
    Version:  Direct3D 11.0 [level 11.1]
    Renderer: NVIDIA GeForce RTX 2060 (ID=0x1f08)
    Vendor:   
    VRAM:     5980 MB
    Driver:   27.21.14.5671
Shader 'Universal Render Pipeline/Particles/Lit': fallback shader 'Universal Render Pipeline/Particles/SimpleLit' not found
Initialize mono
Mono path[0] = 'C:/Program Files/Unity/Hub/Editor/2020.2.7f1/Editor/Data/Managed'
Mono path[1] = 'C:/Program Files/Unity/Hub/Editor/2020.2.7f1/Editor/Data/MonoBleedingEdge/lib/mono/unityjit'
Mono config path = 'C:/Program Files/Unity/Hub/Editor/2020.2.7f1/Editor/Data/MonoBleedingEdge/etc'
Using monoOptions --debugger-agent=transport=dt_socket,embedding=1,server=y,suspend=n,address=127.0.0.1:56240
Begin MonoManager ReloadAssembly
Registering precompiled unity dll's ...
Register platform support module: C:/Program Files/Unity/Hub/Editor/2020.2.7f1/Editor/Data/PlaybackEngines/WindowsStandaloneSupport/UnityEditor.WindowsStandalone.Extensions.dll
Registered in 0.001410 seconds.
Native extension for WindowsStandalone target not found
Refreshing native plugins compatible for Editor in 70.44 ms, found 3 plugins.
Preloading 1 native plugins for Editor in 0.07 ms.
Invoked RoslynAnalysisRunner static constructor.
RoslynAnalysisRunner will not be running.
RoslynAnalysisRunner has terminated.
Mono: successfully reloaded assembly
- Completed reload, in  1.448 seconds
Platform modules already initialized, skipping
Registering precompiled user dll's ...
Registered in 0.002230 seconds.
Begin MonoManager ReloadAssembly
Native extension for WindowsStandalone target not found
Refreshing native plugins compatible for Editor in 74.33 ms, found 3 plugins.
Preloading 1 native plugins for Editor in 0.07 ms.
Invoked RoslynAnalysisRunner static constructor.
RoslynAnalysisRunner will not be running.
RoslynAnalysisRunner has terminated.
[XR] OculusXRPlugin: registering subsystems
[XR] Unable to register display lifecyle provider: [1]
[XR] Oculus Input lifecycle provider registered.
[XR] Unable to register input lifecyle provider: [1]
NullReferenceException: Object reference not set to an instance of an object
  at Unity.XR.Oculus.OculusLoader.AssetPathToAbsolutePath (System.String assetPath) [0x00048] in C:\Users\John\Documents\SceneProject4\Library\PackageCache\com.unity.xr.oculus@1.6.1\Runtime\OculusLoader.cs:242 
  at Unity.XR.Oculus.OculusLoader.EditorLoadOVRPlugin () [0x0007b] in C:\Users\John\Documents\SceneProject4\Library\PackageCache\com.unity.xr.oculus@1.6.1\Runtime\OculusLoader.cs:227 

(Filename: Library/PackageCache/com.unity.xr.oculus@1.6.1/Runtime/OculusLoader.cs Line: 242)

Mono: successfully reloaded assembly
- Completed reload, in  1.021 seconds
Platform modules already initialized, skipping
========================================================================
Worker process is ready to serve import requests
Shader 'Universal Render Pipeline/Particles/Lit': fallback shader 'Universal Render Pipeline/Particles/SimpleLit' not found
Launched and connected shader compiler UnityShaderCompiler.exe after 0.04 seconds
Refreshing native plugins compatible for Editor in 1.12 ms, found 3 plugins.
Preloading 1 native plugins for Editor in 0.10 ms.
Unloading 3564 Unused Serialized files (Serialized files now loaded: 0)
System memory in use before: 159.9 MB.
System memory in use after: 160.2 MB.

Unloading 12 unused Assets to reduce memory usage. Loaded Objects now: 4018.
Total: 3.081600 ms (FindLiveObjects: 0.586700 ms CreateObjectMapping: 0.363600 ms MarkObjects: 2.100100 ms  DeleteObjects: 0.029700 ms)

========================================================================
Received Import Request.
  path: Assets/Assets.index
  artifactKey: Guid(22bb10ded9c710846ad714773ab7f3d9) Importer(815301076,1909f56bfc062723c751e8b465ee728b)
Start importing Assets/Assets.index using Guid(22bb10ded9c710846ad714773ab7f3d9) Importer(815301076,1909f56bfc062723c751e8b465ee728b)  -> (artifact id: '9d6aebb2349501da9dcde835f36197b1') in 0.062659 seconds
  Import took 0.070166 seconds .

========================================================================
Received Import Request.
  Time since last request: 0.000223 seconds.
  path: Assets/New Terrain.asset
  artifactKey: Guid(a58f9bd8747c292459eef62f30435d83) Importer(815301076,1909f56bfc062723c751e8b465ee728b)
Start importing Assets/New Terrain.asset using Guid(a58f9bd8747c292459eef62f30435d83) Importer(815301076,1909f56bfc062723c751e8b465ee728b)  -> (artifact id: '355f8f3013f2d84189496effbf5e7301') in 0.053895 seconds
  Import took 0.059813 seconds .

========================================================================
Received Import Request.
  Time since last request: 30.008229 seconds.
  path: Assets/SceneProject4.scenetemplate
  artifactKey: Guid(706bf1b872b92c143ad3205d4d81e166) Importer(815301076,1909f56bfc062723c751e8b465ee728b)
Start importing Assets/SceneProject4.scenetemplate using Guid(706bf1b872b92c143ad3205d4d81e166) Importer(815301076,1909f56bfc062723c751e8b465ee728b)  -> (artifact id: '6351b393b2eed6afb0495c2c4693339a') in 0.102439 seconds
  Import took 0.113058 seconds .

========================================================================
Received Import Request.
  Time since last request: 0.004269 seconds.
  path: Assets/SceneProject4.scenetemplate
  artifactKey: Guid(706bf1b872b92c143ad3205d4d81e166) Importer(815301076,1909f56bfc062723c751e8b465ee728b)
Start importing Assets/SceneProject4.scenetemplate using Guid(706bf1b872b92c143ad3205d4d81e166) Importer(815301076,1909f56bfc062723c751e8b465ee728b)  -> (artifact id: '6351b393b2eed6afb0495c2c4693339a') in 0.074598 seconds
  Import took 0.082074 seconds .

========================================================================
Received Import Request.
  Time since last request: 0.858282 seconds.
  path: Assets/Assets.index
  artifactKey: Guid(22bb10ded9c710846ad714773ab7f3d9) Importer(815301076,1909f56bfc062723c751e8b465ee728b)
Start importing Assets/Assets.index using Guid(22bb10ded9c710846ad714773ab7f3d9) Importer(815301076,1909f56bfc062723c751e8b465ee728b)  -> (artifact id: '0e18779206efc0824babc10b8b9a8d18') in 0.009782 seconds
  Import took 0.015233 seconds .

========================================================================
Received Import Request.
  Time since last request: 4.194814 seconds.
  path: Assets/SceneProject4.unity
  artifactKey: Guid(60a35648236fdea4f930b8b77edf00b3) Importer(815301076,1909f56bfc062723c751e8b465ee728b)
Start importing Assets/SceneProject4.unity using Guid(60a35648236fdea4f930b8b77edf00b3) Importer(815301076,1909f56bfc062723c751e8b465ee728b)  -> (artifact id: '30f63a843557ce946b1b88399f53ee00') in 0.013670 seconds
  Import took 0.019825 seconds .

AssetImportWorkerClient::OnTransportError - code=2 error=End of file
